<?xml version="1.0" encoding="UTF-8"?>
<testng-results skipped="0" failed="0" total="4" passed="4">
  <reporter-output>
  </reporter-output>
  <suite name="Default suite" duration-ms="101" started-at="2015-10-04T17:58:00Z" finished-at="2015-10-04T17:58:01Z">
    <groups>
    </groups>
    <test name="Default test" duration-ms="101" started-at="2015-10-04T17:58:00Z" finished-at="2015-10-04T17:58:01Z">
      <class name="com.test.TestSmallest">
        <test-method status="PASS" signature="testDuplicateNumbers()[pri:0, instance:com.test.TestSmallest@6a13a848]" name="testDuplicateNumbers" duration-ms="67" started-at="2015-10-04T13:58:00Z" finished-at="2015-10-04T13:58:01Z">
          <reporter-output>
          </reporter-output>
        </test-method> <!-- testDuplicateNumbers -->
        <test-method status="PASS" signature="testNegativeNumbers()[pri:0, instance:com.test.TestSmallest@6a13a848]" name="testNegativeNumbers" duration-ms="2" started-at="2015-10-04T13:58:01Z" finished-at="2015-10-04T13:58:01Z">
          <reporter-output>
          </reporter-output>
        </test-method> <!-- testNegativeNumbers -->
        <test-method status="PASS" signature="testPosNegNumbers()[pri:0, instance:com.test.TestSmallest@6a13a848]" name="testPosNegNumbers" duration-ms="2" started-at="2015-10-04T13:58:01Z" finished-at="2015-10-04T13:58:01Z">
          <reporter-output>
          </reporter-output>
        </test-method> <!-- testPosNegNumbers -->
        <test-method status="PASS" signature="testPositiveNumbers()[pri:0, instance:com.test.TestSmallest@6a13a848]" name="testPositiveNumbers" duration-ms="3" started-at="2015-10-04T13:58:01Z" finished-at="2015-10-04T13:58:01Z">
          <reporter-output>
          </reporter-output>
        </test-method> <!-- testPositiveNumbers -->
      </class> <!-- com.test.TestSmallest -->
    </test> <!-- Default test -->
  </suite> <!-- Default suite -->
</testng-results>
