<?xml version="1.0" encoding="UTF-8"?>
<!-- Generated by org.testng.reporters.JUnitXMLReporter -->
<testsuite hostname="Raguthu-HP" name="Default test" tests="4" failures="0" timestamp="4 Oct 2015 17:58:01 GMT" time="0.101" errors="0">
  <testcase name="testDuplicateNumbers" time="0.067" classname="com.test.TestSmallest"/>
  <testcase name="testNegativeNumbers" time="0.002" classname="com.test.TestSmallest"/>
  <testcase name="testPosNegNumbers" time="0.002" classname="com.test.TestSmallest"/>
  <testcase name="testPositiveNumbers" time="0.003" classname="com.test.TestSmallest"/>
</testsuite> <!-- Default test -->
